<?xml version="1.0" encoding="UTF-8"?>
<testng-results ignored="0" total="0" passed="0" failed="0" skipped="0">
  <reporter-output>
  </reporter-output>
  <suite started-at="2023-11-28T14:26:40 IST" name="Suite" finished-at="2023-11-28T14:26:40 IST" duration-ms="0">
    <groups>
      <group name="Signup">
        <method signature="SignupLoginLogoutTest.signIntoApplication()[pri:1, instance:S1_Demo_Folder.SignupLoginLogoutTest@76505305]" name="signIntoApplication" class="S1_Demo_Folder.SignupLoginLogoutTest"/>
      </group> <!-- Signup -->
      <group name="SchemeRazorpay">
        <method signature="SchemeSubscriptionWithOnlyRazorpay.createAnAccountLoginCreateSchemeLogoutTest()[pri:2, instance:S1_Demo_Folder.SchemeSubscriptionWithOnlyRazorpay@5542c4ed]" name="createAnAccountLoginCreateSchemeLogoutTest" class="S1_Demo_Folder.SchemeSubscriptionWithOnlyRazorpay"/>
      </group> <!-- SchemeRazorpay -->
      <group name="BookingAccount">
        <method signature="BookingAccountMoneyDepositTest.addingAmountToWalletTest()[pri:0, instance:S1_Demo_Folder.BookingAccountMoneyDepositTest@1573f9fc]" name="addingAmountToWalletTest" class="S1_Demo_Folder.BookingAccountMoneyDepositTest"/>
      </group> <!-- BookingAccount -->
      <group name="Logout">
        <method signature="SignupLoginLogoutTest.logoutOfApplication()[pri:3, instance:S1_Demo_Folder.SignupLoginLogoutTest@76505305]" name="logoutOfApplication" class="S1_Demo_Folder.SignupLoginLogoutTest"/>
      </group> <!-- Logout -->
      <group name="SchemeBooking">
        <method signature="SchemeSubscriptionWithOnlyBookingAccount.createAnAccountLoginCreateSchemeLogoutTest()[pri:1, instance:S1_Demo_Folder.SchemeSubscriptionWithOnlyBookingAccount@815b41f]" name="createAnAccountLoginCreateSchemeLogoutTest" class="S1_Demo_Folder.SchemeSubscriptionWithOnlyBookingAccount"/>
      </group> <!-- SchemeBooking -->
      <group name="Login">
        <method signature="SignupLoginLogoutTest.loginToApplication()[pri:2, instance:S1_Demo_Folder.SignupLoginLogoutTest@76505305]" name="loginToApplication" class="S1_Demo_Folder.SignupLoginLogoutTest"/>
      </group> <!-- Login -->
      <group name="SchemeBookingBanking">
        <method signature="SchemeSubscriptionWithBankingAndBookingAccTest.createAnAccountLoginCreateSchemeLogoutTest()[pri:3, instance:S1_Demo_Folder.SchemeSubscriptionWithBankingAndBookingAccTest@7586beff]" name="createAnAccountLoginCreateSchemeLogoutTest" class="S1_Demo_Folder.SchemeSubscriptionWithBankingAndBookingAccTest"/>
      </group> <!-- SchemeBookingBanking -->
    </groups>
  </suite> <!-- Suite -->
</testng-results>
