<?xml version="1.0" encoding="UTF-8"?>
<!-- Generated by org.testng.reporters.JUnitReportReporter -->
<testsuite hostname="DESKTOP-B5HII1M" failures="0" tests="1" name="Sample.Demo_CreateAnAccountLoginCreateSchemeLogout" time="32.211" errors="0" timestamp="2023-10-06T14:23:25 IST" skipped="0">
  <testcase classname="Sample.Demo_CreateAnAccountLoginCreateSchemeLogout" name="createAnAccountLoginCreateSchemeLogout" time="32.211"/>
  <system-out/>
</testsuite> <!-- Sample.Demo_CreateAnAccountLoginCreateSchemeLogout -->
